xing/app/build/intermediates/manifest_merge_blame_file/debug/manifest-merger-blame-debug-report.txt
1<?xml version="1.0" encoding="utf-8"?>
2<manifest xmlns:android="http://schemas.android.com/apk/res/android"
3    package="com.example.apitest"
4    android:versionCode="2"
5    android:versionName="2.0" >
6
7    <uses-sdk
8        android:minSdkVersion="15"
8-->src\main\AndroidManifest.xml
9        android:targetSdkVersion="30" />
9-->src\main\AndroidManifest.xml
10
11    <uses-permission android:name="android.permission.INTERNET" />
11-->src\main\AndroidManifest.xml:6:5-67
11-->src\main\AndroidManifest.xml:6:22-64
12    <uses-permission android:name="android.permission.ACCESS_NETWORK_STATE" />
12-->src\main\AndroidManifest.xml:7:5-79
12-->src\main\AndroidManifest.xml:7:22-76
13    <uses-permission android:name="android.permission.ACCESS_WIFI_STATE" />
13-->src\main\AndroidManifest.xml:8:5-76
13-->src\main\AndroidManifest.xml:8:22-73
14    <uses-permission android:name="android.permission.WAKE_LOCK" />
14-->src\main\AndroidManifest.xml:9:5-68
14-->src\main\AndroidManifest.xml:9:22-65
15    <uses-permission android:name="android.permission.READ_PHONE_STATE" />
15-->src\main\AndroidManifest.xml:10:5-75
15-->src\main\AndroidManifest.xml:10:22-72
16    <uses-permission android:name="android.permission.WRITE_EXTERNAL_STORAGE" />
16-->src\main\AndroidManifest.xml:11:5-81
16-->src\main\AndroidManifest.xml:11:22-78
17    <uses-permission android:name="android.permission.READ_EXTERNAL_STORAGE" />
17-->src\main\AndroidManifest.xml:12:5-80
17-->src\main\AndroidManifest.xml:12:22-77
18    <uses-permission android:name="android.permission.USE_BIOMETRIC" />
18-->src\main\AndroidManifest.xml:13:5-72
18-->src\main\AndroidManifest.xml:13:22-69
19
20    <application
20-->src\main\AndroidManifest.xml:15:5-37:19
21        android:name="com.example.apitest.ApplicationManager"
21-->src\main\AndroidManifest.xml:16:9-43
22        android:allowBackup="true"
22-->src\main\AndroidManifest.xml:17:9-35
23        android:appComponentFactory="androidx.core.app.CoreComponentFactory"
23-->[androidx.core:core:1.1.0] AndroidManifest.xml:24:18-86
24        android:debuggable="true"
25        android:label="@string/app_name"
25-->[:XingAPI_And_v2.0.8:] AndroidManifest.xml:21:9-41
26        android:preserveLegacyExternalStorage="true"
26-->src\main\AndroidManifest.xml:21:9-55
27        android:requestLegacyExternalStorage="true"
27-->src\main\AndroidManifest.xml:20:9-52
28        android:roundIcon="@mipmap/ic_launcher_round"
28-->src\main\AndroidManifest.xml:18:9-54
29        android:supportsRtl="true"
29-->src\main\AndroidManifest.xml:19:9-35
30        android:testOnly="true"
31        android:theme="@style/AppTheme"
31-->src\main\AndroidManifest.xml:23:9-40
32        android:usesCleartextTraffic="true" >
32-->[:XingAPI_And_v2.0.8:] AndroidManifest.xml:24:9-44
33        <activity android:name="com.example.apitest.MainView" >
33-->src\main\AndroidManifest.xml:25:9-31:20
33-->src\main\AndroidManifest.xml:25:19-43
34            <intent-filter>
34-->src\main\AndroidManifest.xml:26:13-30:29
35                <action android:name="android.intent.action.MAIN" />
35-->src\main\AndroidManifest.xml:27:17-69
35-->src\main\AndroidManifest.xml:27:25-66
36
37                <category android:name="android.intent.category.LAUNCHER" />
37-->src\main\AndroidManifest.xml:29:17-77
37-->src\main\AndroidManifest.xml:29:27-74
38            </intent-filter>
39        </activity>
40        <activity android:name="com.example.apitest.WebViewActivity" >
40-->src\main\AndroidManifest.xml:33:9-63
40-->src\main\AndroidManifest.xml:33:19-50
41        </activity>
42        <activity android:name="com.example.apitest.sLoginSet" />
42-->src\main\AndroidManifest.xml:34:9-56
42-->src\main\AndroidManifest.xml:34:19-44
43        <activity android:name="com.example.apitest.sLoginSample1" />
43-->src\main\AndroidManifest.xml:35:9-60
43-->src\main\AndroidManifest.xml:35:19-48
44        <activity android:name="com.example.apitest.sLoginSample2" />
44-->src\main\AndroidManifest.xml:36:9-60
44-->src\main\AndroidManifest.xml:36:19-48
45        <activity
45-->[:XingAPI_And_v2.0.8:] AndroidManifest.xml:25:9-28:49
46            android:name="com.ebest.api.login.importSignActivity"
46-->[:XingAPI_And_v2.0.8:] AndroidManifest.xml:26:13-66
47            android:label="공동인증서 가져오기"
47-->[:XingAPI_And_v2.0.8:] AndroidManifest.xml:27:13-39
48            android:theme="@style/NoTitleBar" />
48-->[:XingAPI_And_v2.0.8:] AndroidManifest.xml:28:13-46
49        <activity
49-->[:XingAPI_And_v2.0.8:] AndroidManifest.xml:29:9-34:20
50            android:name="com.ebest.api.login.Login2Activity"
50-->[:XingAPI_And_v2.0.8:] AndroidManifest.xml:30:13-62
51            android:label="공동인증 로그인"
51-->[:XingAPI_And_v2.0.8:] AndroidManifest.xml:31:13-37
52            android:noHistory="true"
52-->[:XingAPI_And_v2.0.8:] AndroidManifest.xml:32:13-37
53            android:theme="@style/NoTitleBar" >
53-->[:XingAPI_And_v2.0.8:] AndroidManifest.xml:33:13-46
54        </activity>
55        <activity
55-->[:XingAPI_And_v2.0.8:] AndroidManifest.xml:35:9-40:20
56            android:name="com.ebest.api.login.Login1Activity"
56-->[:XingAPI_And_v2.0.8:] AndroidManifest.xml:36:13-62
57            android:label="접속 로그인"
57-->[:XingAPI_And_v2.0.8:] AndroidManifest.xml:37:13-35
58            android:noHistory="true"
58-->[:XingAPI_And_v2.0.8:] AndroidManifest.xml:38:13-37
59            android:theme="@style/NoTitleBar" >
59-->[:XingAPI_And_v2.0.8:] AndroidManifest.xml:39:13-46
60        </activity>
61    </application>
62
63</manifest>